{"D:\\TESTS - React-BudgetTracker\\src\\components\\features\\AddTransaction.jsx": {"path":"D:\\TESTS - React-BudgetTracker\\src\\components\\features\\AddTransaction.jsx","statementMap":{"0":{"start":{"line":7,"column":23},"end":{"line":7,"column":28}},"1":{"start":{"line":8,"column":20},"end":{"line":8,"column":25}},"2":{"start":{"line":10,"column":23},"end":{"line":134,"column":1}},"3":{"start":{"line":11,"column":27},"end":{"line":19,"column":5}},"4":{"start":{"line":12,"column":8},"end":{"line":12,"column":36}},"5":{"start":{"line":14,"column":8},"end":{"line":16,"column":11}},"6":{"start":{"line":15,"column":12},"end":{"line":15,"column":60}},"7":{"start":{"line":18,"column":8},"end":{"line":18,"column":69}},"8":{"start":{"line":21,"column":25},"end":{"line":33,"column":5}},"9":{"start":{"line":22,"column":8},"end":{"line":22,"column":34}},"10":{"start":{"line":22,"column":27},"end":{"line":22,"column":34}},"11":{"start":{"line":24,"column":8},"end":{"line":30,"column":11}},"12":{"start":{"line":32,"column":8},"end":{"line":32,"column":29}},"13":{"start":{"line":35,"column":22},"end":{"line":77,"column":5}},"14":{"start":{"line":36,"column":27},"end":{"line":36,"column":59}},"15":{"start":{"line":37,"column":28},"end":{"line":37,"column":61}},"16":{"start":{"line":38,"column":26},"end":{"line":38,"column":68}},"17":{"start":{"line":39,"column":22},"end":{"line":39,"column":58}},"18":{"start":{"line":41,"column":22},"end":{"line":41,"column":45}},"19":{"start":{"line":42,"column":23},"end":{"line":42,"column":48}},"20":{"start":{"line":43,"column":21},"end":{"line":43,"column":36}},"21":{"start":{"line":45,"column":8},"end":{"line":45,"column":31}},"22":{"start":{"line":47,"column":8},"end":{"line":50,"column":9}},"23":{"start":{"line":48,"column":12},"end":{"line":48,"column":59}},"24":{"start":{"line":49,"column":12},"end":{"line":49,"column":19}},"25":{"start":{"line":52,"column":8},"end":{"line":55,"column":9}},"26":{"start":{"line":53,"column":12},"end":{"line":53,"column":68}},"27":{"start":{"line":54,"column":12},"end":{"line":54,"column":19}},"28":{"start":{"line":57,"column":8},"end":{"line":60,"column":9}},"29":{"start":{"line":58,"column":12},"end":{"line":58,"column":48}},"30":{"start":{"line":59,"column":12},"end":{"line":59,"column":19}},"31":{"start":{"line":62,"column":24},"end":{"line":62,"column":45}},"32":{"start":{"line":64,"column":24},"end":{"line":70,"column":9}},"33":{"start":{"line":72,"column":8},"end":{"line":72,"column":48}},"34":{"start":{"line":74,"column":8},"end":{"line":74,"column":30}},"35":{"start":{"line":75,"column":8},"end":{"line":75,"column":31}},"36":{"start":{"line":76,"column":8},"end":{"line":76,"column":26}},"37":{"start":{"line":79,"column":4},"end":{"line":133,"column":6}},"38":{"start":{"line":86,"column":36},"end":{"line":86,"column":60}},"39":{"start":{"line":94,"column":36},"end":{"line":94,"column":66}},"40":{"start":{"line":102,"column":36},"end":{"line":102,"column":68}}},"fnMap":{"0":{"name":"(anonymous_0)","decl":{"start":{"line":10,"column":23},"end":{"line":10,"column":24}},"loc":{"start":{"line":10,"column":29},"end":{"line":134,"column":1}},"line":10},"1":{"name":"(anonymous_1)","decl":{"start":{"line":11,"column":27},"end":{"line":11,"column":28}},"loc":{"start":{"line":11,"column":48},"end":{"line":19,"column":5}},"line":11},"2":{"name":"(anonymous_2)","decl":{"start":{"line":14,"column":62},"end":{"line":14,"column":63}},"loc":{"start":{"line":14,"column":71},"end":{"line":16,"column":9}},"line":14},"3":{"name":"(anonymous_3)","decl":{"start":{"line":21,"column":25},"end":{"line":21,"column":26}},"loc":{"start":{"line":21,"column":31},"end":{"line":33,"column":5}},"line":21},"4":{"name":"(anonymous_4)","decl":{"start":{"line":35,"column":22},"end":{"line":35,"column":23}},"loc":{"start":{"line":35,"column":28},"end":{"line":77,"column":5}},"line":35},"5":{"name":"(anonymous_5)","decl":{"start":{"line":86,"column":29},"end":{"line":86,"column":30}},"loc":{"start":{"line":86,"column":36},"end":{"line":86,"column":60}},"line":86},"6":{"name":"(anonymous_6)","decl":{"start":{"line":94,"column":29},"end":{"line":94,"column":30}},"loc":{"start":{"line":94,"column":36},"end":{"line":94,"column":66}},"line":94},"7":{"name":"(anonymous_7)","decl":{"start":{"line":102,"column":29},"end":{"line":102,"column":30}},"loc":{"start":{"line":102,"column":36},"end":{"line":102,"column":68}},"line":102}},"branchMap":{"0":{"loc":{"start":{"line":22,"column":8},"end":{"line":22,"column":34}},"type":"if","locations":[{"start":{"line":22,"column":8},"end":{"line":22,"column":34}},{"start":{},"end":{}}],"line":22},"1":{"loc":{"start":{"line":47,"column":8},"end":{"line":50,"column":9}},"type":"if","locations":[{"start":{"line":47,"column":8},"end":{"line":50,"column":9}},{"start":{},"end":{}}],"line":47},"2":{"loc":{"start":{"line":52,"column":8},"end":{"line":55,"column":9}},"type":"if","locations":[{"start":{"line":52,"column":8},"end":{"line":55,"column":9}},{"start":{},"end":{}}],"line":52},"3":{"loc":{"start":{"line":52,"column":12},"end":{"line":52,"column":69}},"type":"binary-expr","locations":[{"start":{"line":52,"column":12},"end":{"line":52,"column":30}},{"start":{"line":52,"column":34},"end":{"line":52,"column":45}},{"start":{"line":52,"column":49},"end":{"line":52,"column":69}}],"line":52},"4":{"loc":{"start":{"line":57,"column":8},"end":{"line":60,"column":9}},"type":"if","locations":[{"start":{"line":57,"column":8},"end":{"line":60,"column":9}},{"start":{},"end":{}}],"line":57}},"s":{"0":1,"1":1,"2":1,"3":9,"4":2,"5":2,"6":6,"7":2,"8":9,"9":1,"10":0,"11":1,"12":1,"13":9,"14":6,"15":6,"16":6,"17":6,"18":6,"19":6,"20":6,"21":6,"22":6,"23":1,"24":1,"25":5,"26":3,"27":3,"28":2,"29":1,"30":1,"31":1,"32":1,"33":1,"34":1,"35":1,"36":1,"37":9,"38":0,"39":1,"40":1},"f":{"0":9,"1":2,"2":6,"3":1,"4":6,"5":0,"6":1,"7":1},"b":{"0":[0,1],"1":[1,5],"2":[3,2],"3":[5,4,2],"4":[1,1]},"_coverageSchema":"1a1c01bbd47fc00a2c39e90264f33305004495a9","hash":"0833c74b1df4882670bc46c0373d4cb55e2c7f7c"}
,"D:\\TESTS - React-BudgetTracker\\src\\components\\features\\BudgetCategory.jsx": {"path":"D:\\TESTS - React-BudgetTracker\\src\\components\\features\\BudgetCategory.jsx","statementMap":{"0":{"start":{"line":1,"column":23},"end":{"line":31,"column":1}},"1":{"start":{"line":2,"column":18},"end":{"line":4,"column":46}},"2":{"start":{"line":3,"column":23},"end":{"line":3,"column":51}},"3":{"start":{"line":4,"column":28},"end":{"line":4,"column":42}},"4":{"start":{"line":6,"column":22},"end":{"line":6,"column":44}},"5":{"start":{"line":7,"column":20},"end":{"line":7,"column":65}},"6":{"start":{"line":9,"column":4},"end":{"line":30,"column":6}}},"fnMap":{"0":{"name":"(anonymous_0)","decl":{"start":{"line":1,"column":23},"end":{"line":1,"column":24}},"loc":{"start":{"line":1,"column":55},"end":{"line":31,"column":1}},"line":1},"1":{"name":"(anonymous_1)","decl":{"start":{"line":3,"column":16},"end":{"line":3,"column":17}},"loc":{"start":{"line":3,"column":23},"end":{"line":3,"column":51}},"line":3},"2":{"name":"(anonymous_2)","decl":{"start":{"line":4,"column":16},"end":{"line":4,"column":17}},"loc":{"start":{"line":4,"column":28},"end":{"line":4,"column":42}},"line":4}},"branchMap":{"0":{"loc":{"start":{"line":13,"column":23},"end":{"line":13,"column":68}},"type":"cond-expr","locations":[{"start":{"line":13,"column":40},"end":{"line":13,"column":49}},{"start":{"line":13,"column":52},"end":{"line":13,"column":68}}],"line":13},"1":{"loc":{"start":{"line":23,"column":31},"end":{"line":23,"column":87}},"type":"cond-expr","locations":[{"start":{"line":23,"column":47},"end":{"line":23,"column":69}},{"start":{"line":23,"column":72},"end":{"line":23,"column":87}}],"line":23}},"s":{"0":1,"1":2,"2":3,"3":3,"4":2,"5":2,"6":2},"f":{"0":2,"1":3,"2":3},"b":{"0":[1,1],"1":[1,1]},"_coverageSchema":"1a1c01bbd47fc00a2c39e90264f33305004495a9","hash":"1d22e9881fc880303ae9e6d8536080240ddf14b3"}
,"D:\\TESTS - React-BudgetTracker\\src\\components\\features\\Chart.jsx": {"path":"D:\\TESTS - React-BudgetTracker\\src\\components\\features\\Chart.jsx","statementMap":{"0":{"start":{"line":1,"column":14},"end":{"line":10,"column":1}},"1":{"start":{"line":2,"column":18},"end":{"line":2,"column":68}},"2":{"start":{"line":2,"column":50},"end":{"line":2,"column":64}},"3":{"start":{"line":4,"column":4},"end":{"line":9,"column":6}}},"fnMap":{"0":{"name":"(anonymous_0)","decl":{"start":{"line":1,"column":14},"end":{"line":1,"column":15}},"loc":{"start":{"line":1,"column":36},"end":{"line":10,"column":1}},"line":1},"1":{"name":"(anonymous_1)","decl":{"start":{"line":2,"column":38},"end":{"line":2,"column":39}},"loc":{"start":{"line":2,"column":50},"end":{"line":2,"column":64}},"line":2}},"branchMap":{},"s":{"0":1,"1":2,"2":2,"3":2},"f":{"0":2,"1":2},"b":{},"_coverageSchema":"1a1c01bbd47fc00a2c39e90264f33305004495a9","hash":"36bc77ed57fc60c913c05193eb98c50c67e3e79e"}
,"D:\\TESTS - React-BudgetTracker\\src\\components\\features\\Filter.jsx": {"path":"D:\\TESTS - React-BudgetTracker\\src\\components\\features\\Filter.jsx","statementMap":{"0":{"start":{"line":6,"column":26},"end":{"line":6,"column":31}},"1":{"start":{"line":8,"column":15},"end":{"line":71,"column":1}},"2":{"start":{"line":9,"column":25},"end":{"line":21,"column":5}},"3":{"start":{"line":10,"column":22},"end":{"line":10,"column":68}},"4":{"start":{"line":12,"column":8},"end":{"line":20,"column":11}},"5":{"start":{"line":13,"column":29},"end":{"line":13,"column":46}},"6":{"start":{"line":15,"column":12},"end":{"line":19,"column":13}},"7":{"start":{"line":16,"column":16},"end":{"line":16,"column":45}},"8":{"start":{"line":18,"column":16},"end":{"line":18,"column":44}},"9":{"start":{"line":23,"column":31},"end":{"line":37,"column":5}},"10":{"start":{"line":24,"column":8},"end":{"line":24,"column":40}},"11":{"start":{"line":24,"column":33},"end":{"line":24,"column":40}},"12":{"start":{"line":26,"column":8},"end":{"line":34,"column":11}},"13":{"start":{"line":32,"column":16},"end":{"line":32,"column":38}},"14":{"start":{"line":36,"column":8},"end":{"line":36,"column":35}},"15":{"start":{"line":39,"column":30},"end":{"line":42,"column":5}},"16":{"start":{"line":40,"column":8},"end":{"line":40,"column":57}},"17":{"start":{"line":41,"column":8},"end":{"line":41,"column":25}},"18":{"start":{"line":44,"column":31},"end":{"line":51,"column":5}},"19":{"start":{"line":45,"column":26},"end":{"line":45,"column":69}},"20":{"start":{"line":47,"column":8},"end":{"line":47,"column":31}},"21":{"start":{"line":47,"column":24},"end":{"line":47,"column":31}},"22":{"start":{"line":49,"column":8},"end":{"line":49,"column":28}},"23":{"start":{"line":50,"column":8},"end":{"line":50,"column":26}},"24":{"start":{"line":53,"column":4},"end":{"line":70,"column":6}}},"fnMap":{"0":{"name":"(anonymous_0)","decl":{"start":{"line":8,"column":15},"end":{"line":8,"column":16}},"loc":{"start":{"line":8,"column":21},"end":{"line":71,"column":1}},"line":8},"1":{"name":"(anonymous_1)","decl":{"start":{"line":9,"column":25},"end":{"line":9,"column":26}},"loc":{"start":{"line":9,"column":35},"end":{"line":21,"column":5}},"line":9},"2":{"name":"(anonymous_2)","decl":{"start":{"line":12,"column":22},"end":{"line":12,"column":23}},"loc":{"start":{"line":12,"column":32},"end":{"line":20,"column":9}},"line":12},"3":{"name":"(anonymous_3)","decl":{"start":{"line":23,"column":31},"end":{"line":23,"column":32}},"loc":{"start":{"line":23,"column":37},"end":{"line":37,"column":5}},"line":23},"4":{"name":"(anonymous_4)","decl":{"start":{"line":31,"column":22},"end":{"line":31,"column":23}},"loc":{"start":{"line":31,"column":50},"end":{"line":33,"column":13}},"line":31},"5":{"name":"(anonymous_5)","decl":{"start":{"line":39,"column":30},"end":{"line":39,"column":31}},"loc":{"start":{"line":39,"column":36},"end":{"line":42,"column":5}},"line":39},"6":{"name":"(anonymous_6)","decl":{"start":{"line":44,"column":31},"end":{"line":44,"column":32}},"loc":{"start":{"line":44,"column":37},"end":{"line":51,"column":5}},"line":44}},"branchMap":{"0":{"loc":{"start":{"line":15,"column":12},"end":{"line":19,"column":13}},"type":"if","locations":[{"start":{"line":15,"column":12},"end":{"line":19,"column":13}},{"start":{"line":17,"column":19},"end":{"line":19,"column":13}}],"line":15},"1":{"loc":{"start":{"line":15,"column":16},"end":{"line":15,"column":42}},"type":"binary-expr","locations":[{"start":{"line":15,"column":16},"end":{"line":15,"column":21}},{"start":{"line":15,"column":25},"end":{"line":15,"column":42}}],"line":15},"2":{"loc":{"start":{"line":24,"column":8},"end":{"line":24,"column":40}},"type":"if","locations":[{"start":{"line":24,"column":8},"end":{"line":24,"column":40}},{"start":{},"end":{}}],"line":24},"3":{"loc":{"start":{"line":47,"column":8},"end":{"line":47,"column":31}},"type":"if","locations":[{"start":{"line":47,"column":8},"end":{"line":47,"column":31}},{"start":{},"end":{}}],"line":47}},"s":{"0":1,"1":1,"2":6,"3":2,"4":2,"5":2,"6":2,"7":2,"8":0,"9":6,"10":1,"11":0,"12":1,"13":0,"14":1,"15":6,"16":2,"17":2,"18":6,"19":2,"20":2,"21":1,"22":1,"23":1,"24":6},"f":{"0":6,"1":2,"2":2,"3":1,"4":0,"5":2,"6":2},"b":{"0":[2,0],"1":[2,0],"2":[0,1],"3":[1,1]},"_coverageSchema":"1a1c01bbd47fc00a2c39e90264f33305004495a9","hash":"7320f93d70f7152dcd34cdf8b2a9968b4211b75d"}
,"D:\\TESTS - React-BudgetTracker\\src\\components\\features\\LimitSettings.jsx": {"path":"D:\\TESTS - React-BudgetTracker\\src\\components\\features\\LimitSettings.jsx","statementMap":{"0":{"start":{"line":3,"column":22},"end":{"line":46,"column":1}},"1":{"start":{"line":4,"column":25},"end":{"line":6,"column":5}},"2":{"start":{"line":5,"column":8},"end":{"line":5,"column":93}},"3":{"start":{"line":8,"column":23},"end":{"line":16,"column":5}},"4":{"start":{"line":9,"column":24},"end":{"line":12,"column":11}},"5":{"start":{"line":9,"column":54},"end":{"line":12,"column":9}},"6":{"start":{"line":14,"column":8},"end":{"line":14,"column":32}},"7":{"start":{"line":15,"column":8},"end":{"line":15,"column":26}},"8":{"start":{"line":18,"column":4},"end":{"line":45,"column":6}},"9":{"start":{"line":28,"column":20},"end":{"line":37,"column":28}}},"fnMap":{"0":{"name":"(anonymous_0)","decl":{"start":{"line":3,"column":22},"end":{"line":3,"column":23}},"loc":{"start":{"line":3,"column":42},"end":{"line":46,"column":1}},"line":3},"1":{"name":"(anonymous_1)","decl":{"start":{"line":4,"column":25},"end":{"line":4,"column":26}},"loc":{"start":{"line":4,"column":31},"end":{"line":6,"column":5}},"line":4},"2":{"name":"(anonymous_2)","decl":{"start":{"line":8,"column":23},"end":{"line":8,"column":24}},"loc":{"start":{"line":8,"column":29},"end":{"line":16,"column":5}},"line":8},"3":{"name":"(anonymous_3)","decl":{"start":{"line":9,"column":39},"end":{"line":9,"column":40}},"loc":{"start":{"line":9,"column":54},"end":{"line":12,"column":9}},"line":9},"4":{"name":"(anonymous_4)","decl":{"start":{"line":27,"column":32},"end":{"line":27,"column":33}},"loc":{"start":{"line":28,"column":20},"end":{"line":37,"column":28}},"line":28}},"branchMap":{},"s":{"0":1,"1":4,"2":1,"3":4,"4":1,"5":1,"6":1,"7":1,"8":4,"9":6},"f":{"0":4,"1":1,"2":1,"3":1,"4":6},"b":{},"_coverageSchema":"1a1c01bbd47fc00a2c39e90264f33305004495a9","hash":"8c4f61564b722b4fe35834556a1a3451464b7812"}
,"D:\\TESTS - React-BudgetTracker\\src\\components\\features\\TransactionItem.jsx": {"path":"D:\\TESTS - React-BudgetTracker\\src\\components\\features\\TransactionItem.jsx","statementMap":{"0":{"start":{"line":1,"column":19},"end":{"line":3,"column":1}},"1":{"start":{"line":2,"column":4},"end":{"line":2,"column":47}},"2":{"start":{"line":5,"column":24},"end":{"line":14,"column":1}},"3":{"start":{"line":6,"column":4},"end":{"line":13,"column":6}}},"fnMap":{"0":{"name":"(anonymous_0)","decl":{"start":{"line":1,"column":19},"end":{"line":1,"column":20}},"loc":{"start":{"line":1,"column":29},"end":{"line":3,"column":1}},"line":1},"1":{"name":"(anonymous_1)","decl":{"start":{"line":5,"column":24},"end":{"line":5,"column":25}},"loc":{"start":{"line":5,"column":38},"end":{"line":14,"column":1}},"line":5}},"branchMap":{},"s":{"0":1,"1":2,"2":1,"3":1},"f":{"0":2,"1":1},"b":{},"_coverageSchema":"1a1c01bbd47fc00a2c39e90264f33305004495a9","hash":"304435ef61668bc7c713d284cf579ae119ebb8d5"}
,"D:\\TESTS - React-BudgetTracker\\src\\data\\mockData.js": {"path":"D:\\TESTS - React-BudgetTracker\\src\\data\\mockData.js","statementMap":{"0":{"start":{"line":1,"column":26},"end":{"line":5,"column":1}},"1":{"start":{"line":7,"column":28},"end":{"line":22,"column":1}}},"fnMap":{},"branchMap":{},"s":{"0":1,"1":1},"f":{},"b":{},"_coverageSchema":"1a1c01bbd47fc00a2c39e90264f33305004495a9","hash":"06e017685f3520225ec2a875f437152e15a730d5"}
,"D:\\TESTS - React-BudgetTracker\\src\\data\\storage.js": {"path":"D:\\TESTS - React-BudgetTracker\\src\\data\\storage.js","statementMap":{"0":{"start":{"line":1,"column":25},"end":{"line":1,"column":39}},"1":{"start":{"line":2,"column":23},"end":{"line":2,"column":35}},"2":{"start":{"line":3,"column":24},"end":{"line":3,"column":36}},"3":{"start":{"line":5,"column":31},"end":{"line":8,"column":1}},"4":{"start":{"line":6,"column":18},"end":{"line":6,"column":56}},"5":{"start":{"line":7,"column":4},"end":{"line":7,"column":51}},"6":{"start":{"line":10,"column":32},"end":{"line":12,"column":1}},"7":{"start":{"line":11,"column":4},"end":{"line":11,"column":65}},"8":{"start":{"line":14,"column":33},"end":{"line":16,"column":1}},"9":{"start":{"line":15,"column":4},"end":{"line":15,"column":46}},"10":{"start":{"line":18,"column":29},"end":{"line":21,"column":1}},"11":{"start":{"line":19,"column":18},"end":{"line":19,"column":54}},"12":{"start":{"line":20,"column":4},"end":{"line":20,"column":51}},"13":{"start":{"line":23,"column":30},"end":{"line":25,"column":1}},"14":{"start":{"line":24,"column":4},"end":{"line":24,"column":63}},"15":{"start":{"line":27,"column":29},"end":{"line":29,"column":1}},"16":{"start":{"line":28,"column":4},"end":{"line":28,"column":55}},"17":{"start":{"line":31,"column":30},"end":{"line":33,"column":1}},"18":{"start":{"line":32,"column":4},"end":{"line":32,"column":48}},"19":{"start":{"line":35,"column":31},"end":{"line":37,"column":1}},"20":{"start":{"line":36,"column":4},"end":{"line":36,"column":45}}},"fnMap":{"0":{"name":"(anonymous_0)","decl":{"start":{"line":5,"column":31},"end":{"line":5,"column":32}},"loc":{"start":{"line":5,"column":48},"end":{"line":8,"column":1}},"line":5},"1":{"name":"(anonymous_1)","decl":{"start":{"line":10,"column":32},"end":{"line":10,"column":33}},"loc":{"start":{"line":10,"column":42},"end":{"line":12,"column":1}},"line":10},"2":{"name":"(anonymous_2)","decl":{"start":{"line":14,"column":33},"end":{"line":14,"column":34}},"loc":{"start":{"line":14,"column":39},"end":{"line":16,"column":1}},"line":14},"3":{"name":"(anonymous_3)","decl":{"start":{"line":18,"column":29},"end":{"line":18,"column":30}},"loc":{"start":{"line":18,"column":46},"end":{"line":21,"column":1}},"line":18},"4":{"name":"(anonymous_4)","decl":{"start":{"line":23,"column":30},"end":{"line":23,"column":31}},"loc":{"start":{"line":23,"column":40},"end":{"line":25,"column":1}},"line":23},"5":{"name":"(anonymous_5)","decl":{"start":{"line":27,"column":29},"end":{"line":27,"column":30}},"loc":{"start":{"line":27,"column":35},"end":{"line":29,"column":1}},"line":27},"6":{"name":"(anonymous_6)","decl":{"start":{"line":31,"column":30},"end":{"line":31,"column":31}},"loc":{"start":{"line":31,"column":40},"end":{"line":33,"column":1}},"line":31},"7":{"name":"(anonymous_7)","decl":{"start":{"line":35,"column":31},"end":{"line":35,"column":32}},"loc":{"start":{"line":35,"column":37},"end":{"line":37,"column":1}},"line":35}},"branchMap":{"0":{"loc":{"start":{"line":7,"column":11},"end":{"line":7,"column":50}},"type":"cond-expr","locations":[{"start":{"line":7,"column":19},"end":{"line":7,"column":36}},{"start":{"line":7,"column":39},"end":{"line":7,"column":50}}],"line":7},"1":{"loc":{"start":{"line":20,"column":11},"end":{"line":20,"column":50}},"type":"cond-expr","locations":[{"start":{"line":20,"column":19},"end":{"line":20,"column":36}},{"start":{"line":20,"column":39},"end":{"line":20,"column":50}}],"line":20},"2":{"loc":{"start":{"line":28,"column":11},"end":{"line":28,"column":54}},"type":"binary-expr","locations":[{"start":{"line":28,"column":11},"end":{"line":28,"column":48}},{"start":{"line":28,"column":52},"end":{"line":28,"column":54}}],"line":28}},"s":{"0":4,"1":4,"2":4,"3":4,"4":4,"5":4,"6":4,"7":3,"8":4,"9":2,"10":4,"11":2,"12":2,"13":4,"14":2,"15":4,"16":2,"17":4,"18":2,"19":4,"20":1},"f":{"0":4,"1":3,"2":2,"3":2,"4":2,"5":2,"6":2,"7":1},"b":{"0":[1,3],"1":[1,1],"2":[2,1]},"_coverageSchema":"1a1c01bbd47fc00a2c39e90264f33305004495a9","hash":"ce657c8b6545ae72e44e3cb3a18e29264dbe97a2"}
}
