TN:
SF:src\components\features\AddTransaction.jsx
FN:10,(anonymous_0)
FN:11,(anonymous_1)
FN:14,(anonymous_2)
FN:21,(anonymous_3)
FN:35,(anonymous_4)
FN:86,(anonymous_5)
FN:94,(anonymous_6)
FN:102,(anonymous_7)
FNF:8
FNH:7
FNDA:9,(anonymous_0)
FNDA:2,(anonymous_1)
FNDA:6,(anonymous_2)
FNDA:1,(anonymous_3)
FNDA:6,(anonymous_4)
FNDA:0,(anonymous_5)
FNDA:1,(anonymous_6)
FNDA:1,(anonymous_7)
DA:7,1
DA:8,1
DA:10,1
DA:11,9
DA:12,2
DA:14,2
DA:15,6
DA:18,2
DA:21,9
DA:22,1
DA:24,1
DA:32,1
DA:35,9
DA:36,6
DA:37,6
DA:38,6
DA:39,6
DA:41,6
DA:42,6
DA:43,6
DA:45,6
DA:47,6
DA:48,1
DA:49,1
DA:52,5
DA:53,3
DA:54,3
DA:57,2
DA:58,1
DA:59,1
DA:62,1
DA:64,1
DA:72,1
DA:74,1
DA:75,1
DA:76,1
DA:79,9
DA:86,0
DA:94,1
DA:102,1
LF:40
LH:39
BRDA:22,0,0,0
BRDA:22,0,1,1
BRDA:47,1,0,1
BRDA:47,1,1,5
BRDA:52,2,0,3
BRDA:52,2,1,2
BRDA:52,3,0,5
BRDA:52,3,1,4
BRDA:52,3,2,2
BRDA:57,4,0,1
BRDA:57,4,1,1
BRF:11
BRH:10
end_of_record
TN:
SF:src\components\features\BudgetCategory.jsx
FN:1,(anonymous_0)
FN:3,(anonymous_1)
FN:4,(anonymous_2)
FNF:3
FNH:3
FNDA:2,(anonymous_0)
FNDA:3,(anonymous_1)
FNDA:3,(anonymous_2)
DA:1,1
DA:2,2
DA:3,3
DA:4,3
DA:6,2
DA:7,2
DA:9,2
LF:7
LH:7
BRDA:13,0,0,1
BRDA:13,0,1,1
BRDA:23,1,0,1
BRDA:23,1,1,1
BRF:4
BRH:4
end_of_record
TN:
SF:src\components\features\Chart.jsx
FN:1,(anonymous_0)
FN:2,(anonymous_1)
FNF:2
FNH:2
FNDA:2,(anonymous_0)
FNDA:2,(anonymous_1)
DA:1,1
DA:2,2
DA:4,2
LF:3
LH:3
BRF:0
BRH:0
end_of_record
TN:
SF:src\components\features\Filter.jsx
FN:8,(anonymous_0)
FN:9,(anonymous_1)
FN:12,(anonymous_2)
FN:23,(anonymous_3)
FN:31,(anonymous_4)
FN:39,(anonymous_5)
FN:44,(anonymous_6)
FNF:7
FNH:6
FNDA:6,(anonymous_0)
FNDA:2,(anonymous_1)
FNDA:2,(anonymous_2)
FNDA:1,(anonymous_3)
FNDA:0,(anonymous_4)
FNDA:2,(anonymous_5)
FNDA:2,(anonymous_6)
DA:6,1
DA:8,1
DA:9,6
DA:10,2
DA:12,2
DA:13,2
DA:15,2
DA:16,2
DA:18,0
DA:23,6
DA:24,1
DA:26,1
DA:32,0
DA:36,1
DA:39,6
DA:40,2
DA:41,2
DA:44,6
DA:45,2
DA:47,2
DA:49,1
DA:50,1
DA:53,6
LF:23
LH:21
BRDA:15,0,0,2
BRDA:15,0,1,0
BRDA:15,1,0,2
BRDA:15,1,1,0
BRDA:24,2,0,0
BRDA:24,2,1,1
BRDA:47,3,0,1
BRDA:47,3,1,1
BRF:8
BRH:5
end_of_record
TN:
SF:src\components\features\LimitSettings.jsx
FN:3,(anonymous_0)
FN:4,(anonymous_1)
FN:8,(anonymous_2)
FN:9,(anonymous_3)
FN:27,(anonymous_4)
FNF:5
FNH:5
FNDA:4,(anonymous_0)
FNDA:1,(anonymous_1)
FNDA:1,(anonymous_2)
FNDA:1,(anonymous_3)
FNDA:6,(anonymous_4)
DA:3,1
DA:4,4
DA:5,1
DA:8,4
DA:9,1
DA:14,1
DA:15,1
DA:18,4
DA:28,6
LF:9
LH:9
BRF:0
BRH:0
end_of_record
TN:
SF:src\components\features\TransactionItem.jsx
FN:1,(anonymous_0)
FN:5,(anonymous_1)
FNF:2
FNH:2
FNDA:2,(anonymous_0)
FNDA:1,(anonymous_1)
DA:1,1
DA:2,2
DA:5,1
DA:6,1
LF:4
LH:4
BRF:0
BRH:0
end_of_record
TN:
SF:src\data\mockData.js
FNF:0
FNH:0
DA:1,1
DA:7,1
LF:2
LH:2
BRF:0
BRH:0
end_of_record
TN:
SF:src\data\storage.js
FN:5,(anonymous_0)
FN:10,(anonymous_1)
FN:14,(anonymous_2)
FN:18,(anonymous_3)
FN:23,(anonymous_4)
FN:27,(anonymous_5)
FN:31,(anonymous_6)
FN:35,(anonymous_7)
FNF:8
FNH:8
FNDA:4,(anonymous_0)
FNDA:3,(anonymous_1)
FNDA:2,(anonymous_2)
FNDA:2,(anonymous_3)
FNDA:2,(anonymous_4)
FNDA:2,(anonymous_5)
FNDA:2,(anonymous_6)
FNDA:1,(anonymous_7)
DA:1,4
DA:2,4
DA:3,4
DA:5,4
DA:6,4
DA:7,4
DA:10,4
DA:11,3
DA:14,4
DA:15,2
DA:18,4
DA:19,2
DA:20,2
DA:23,4
DA:24,2
DA:27,4
DA:28,2
DA:31,4
DA:32,2
DA:35,4
DA:36,1
LF:21
LH:21
BRDA:7,0,0,1
BRDA:7,0,1,3
BRDA:20,1,0,1
BRDA:20,1,1,1
BRDA:28,2,0,2
BRDA:28,2,1,1
BRF:6
BRH:6
end_of_record
